This is pdfTeX, Version 3.14159265-2.6-1.40.21 (TeX Live 2020) (preloaded format=pdflatex 2020.12.21)  22 DEC 2020 17:41
entering extended mode
 restricted \write18 enabled.
 %&-line parsing enabled.
**Visualizing-COVID-19-using-R.tex
(./Visualizing-COVID-19-using-R.tex
LaTeX2e <2020-10-01> patch level 2
L3 programming layer <2020-12-07> xparse <2020-03-03> (/Users/alisaishikawa/Lib
rary/TinyTeX/texmf-dist/tex/latex/beamer/beamer.cls
Document Class: beamer 2020/11/26 v3.60 A class for typesetting presentations

(/Users/alisaishikawa/Library/TinyTeX/texmf-dist/tex/latex/beamer/beamerbasemod
es.sty
(/Users/alisaishikawa/Library/TinyTeX/texmf-dist/tex/latex/etoolbox/etoolbox.st
y
Package: etoolbox 2020/10/05 v2.5k e-TeX tools for LaTeX (JAW)
\etb@tempcnta=\count177
)
\beamer@tempbox=\box47
\beamer@tempcount=\count178
\c@beamerpauses=\count179

(/Users/alisaishikawa/Library/TinyTeX/texmf-dist/tex/latex/beamer/beamerbasedec
ode.sty
\beamer@slideinframe=\count180
\beamer@minimum=\count181
\beamer@decode@box=\box48
)
\beamer@commentbox=\box49
\beamer@modecount=\count182
) (/Users/alisaishikawa/Library/TinyTeX/texmf-dist/tex/generic/iftex/ifpdf.sty
Package: ifpdf 2019/10/25 v3.4 ifpdf legacy package. Use iftex instead.
(/Users/alisaishikawa/Library/TinyTeX/texmf-dist/tex/generic/iftex/iftex.sty
Package: iftex 2020/03/06 v1.0d TeX engine tests
))
\headdp=\dimen138
\footheight=\dimen139
\sidebarheight=\dimen140
\beamer@tempdim=\dimen141
\beamer@finalheight=\dimen142
\beamer@animht=\dimen143
\beamer@animdp=\dimen144
\beamer@animwd=\dimen145
\beamer@leftmargin=\dimen146
\beamer@rightmargin=\dimen147
\beamer@leftsidebar=\dimen148
\beamer@rightsidebar=\dimen149
\beamer@boxsize=\dimen150
\beamer@vboxoffset=\dimen151
\beamer@descdefault=\dimen152
\beamer@descriptionwidth=\dimen153
\beamer@lastskip=\skip47
\beamer@areabox=\box50
\beamer@animcurrent=\box51
\beamer@animshowbox=\box52
\beamer@sectionbox=\box53
\beamer@logobox=\box54
\beamer@linebox=\box55
\beamer@sectioncount=\count183
\beamer@subsubsectionmax=\count184
\beamer@subsectionmax=\count185
\beamer@sectionmax=\count186
\beamer@totalheads=\count187
\beamer@headcounter=\count188
\beamer@partstartpage=\count189
\beamer@sectionstartpage=\count190
\beamer@subsectionstartpage=\count191
\beamer@animationtempa=\count192
\beamer@animationtempb=\count193
\beamer@xpos=\count194
\beamer@ypos=\count195
\beamer@ypos@offset=\count196
\beamer@showpartnumber=\count197
\beamer@currentsubsection=\count198
\beamer@coveringdepth=\count199
\beamer@sectionadjust=\count266
\beamer@tocsectionnumber=\count267

(/Users/alisaishikawa/Library/TinyTeX/texmf-dist/tex/latex/beamer/beamerbaseopt
ions.sty (/Users/alisaishikawa/Library/TinyTeX/texmf-dist/tex/latex/graphics/ke
yval.sty
Package: keyval 2014/10/28 v1.15 key=value parser (DPC)
\KV@toks@=\toks15
))
\beamer@paperwidth=\skip48
\beamer@paperheight=\skip49

(/Users/alisaishikawa/Library/TinyTeX/texmf-dist/tex/latex/geometry/geometry.st
y
Package: geometry 2020/01/02 v5.9 Page Geometry
(/Users/alisaishikawa/Library/TinyTeX/texmf-dist/tex/generic/iftex/ifvtex.sty
Package: ifvtex 2019/10/25 v1.7 ifvtex legacy package. Use iftex instead.
)
\Gm@cnth=\count268
\Gm@cntv=\count269
\c@Gm@tempcnt=\count270
\Gm@bindingoffset=\dimen154
\Gm@wd@mp=\dimen155
\Gm@odd@mp=\dimen156
\Gm@even@mp=\dimen157
\Gm@layoutwidth=\dimen158
\Gm@layoutheight=\dimen159
\Gm@layouthoffset=\dimen160
\Gm@layoutvoffset=\dimen161
\Gm@dimlist=\toks16
) (/Users/alisaishikawa/Library/TinyTeX/texmf-dist/tex/latex/base/size11.clo
File: size11.clo 2020/04/10 v1.4m Standard LaTeX file (size option)
)
(/Users/alisaishikawa/Library/TinyTeX/texmf-dist/tex/latex/pgf/basiclayer/pgfco
re.sty
(/Users/alisaishikawa/Library/TinyTeX/texmf-dist/tex/latex/graphics/graphicx.st
y
Package: graphicx 2020/09/09 v1.2b Enhanced LaTeX Graphics (DPC,SPQR)

(/Users/alisaishikawa/Library/TinyTeX/texmf-dist/tex/latex/graphics/graphics.st
y
Package: graphics 2020/08/30 v1.4c Standard LaTeX Graphics (DPC,SPQR)
(/Users/alisaishikawa/Library/TinyTeX/texmf-dist/tex/latex/graphics/trig.sty
Package: trig 2016/01/03 v1.10 sin cos tan (DPC)
)
(/Users/alisaishikawa/Library/TinyTeX/texmf-dist/tex/latex/graphics-cfg/graphic
s.cfg
File: graphics.cfg 2016/06/04 v1.11 sample graphics configuration
)
Package graphics Info: Driver file: pdftex.def on input line 105.

(/Users/alisaishikawa/Library/TinyTeX/texmf-dist/tex/latex/graphics-def/pdftex.
def
File: pdftex.def 2020/10/05 v1.2a Graphics/color driver for pdftex
))
\Gin@req@height=\dimen162
\Gin@req@width=\dimen163
)
(/Users/alisaishikawa/Library/TinyTeX/texmf-dist/tex/latex/pgf/systemlayer/pgfs
ys.sty
(/Users/alisaishikawa/Library/TinyTeX/texmf-dist/tex/latex/pgf/utilities/pgfrcs
.sty
(/Users/alisaishikawa/Library/TinyTeX/texmf-dist/tex/generic/pgf/utilities/pgfu
til-common.tex
\pgfutil@everybye=\toks17
\pgfutil@tempdima=\dimen164
\pgfutil@tempdimb=\dimen165

(/Users/alisaishikawa/Library/TinyTeX/texmf-dist/tex/generic/pgf/utilities/pgfu
til-common-lists.tex))
(/Users/alisaishikawa/Library/TinyTeX/texmf-dist/tex/generic/pgf/utilities/pgfu
til-latex.def
\pgfutil@abb=\box56
)
(/Users/alisaishikawa/Library/TinyTeX/texmf-dist/tex/generic/pgf/utilities/pgfr
cs.code.tex
(/Users/alisaishikawa/Library/TinyTeX/texmf-dist/tex/generic/pgf/pgf.revision.t
ex)
Package: pgfrcs 2020/12/01 v3.1.7a (3.1.7a)
))
(/Users/alisaishikawa/Library/TinyTeX/texmf-dist/tex/generic/pgf/systemlayer/pg
fsys.code.tex
Package: pgfsys 2020/12/01 v3.1.7a (3.1.7a)

(/Users/alisaishikawa/Library/TinyTeX/texmf-dist/tex/generic/pgf/utilities/pgfk
eys.code.tex
\pgfkeys@pathtoks=\toks18
\pgfkeys@temptoks=\toks19

(/Users/alisaishikawa/Library/TinyTeX/texmf-dist/tex/generic/pgf/utilities/pgfk
eysfiltered.code.tex
\pgfkeys@tmptoks=\toks20
))
\pgf@x=\dimen166
\pgf@y=\dimen167
\pgf@xa=\dimen168
\pgf@ya=\dimen169
\pgf@xb=\dimen170
\pgf@yb=\dimen171
\pgf@xc=\dimen172
\pgf@yc=\dimen173
\pgf@xd=\dimen174
\pgf@yd=\dimen175
\w@pgf@writea=\write3
\r@pgf@reada=\read2
\c@pgf@counta=\count271
\c@pgf@countb=\count272
\c@pgf@countc=\count273
\c@pgf@countd=\count274
\t@pgf@toka=\toks21
\t@pgf@tokb=\toks22
\t@pgf@tokc=\toks23
\pgf@sys@id@count=\count275

(/Users/alisaishikawa/Library/TinyTeX/texmf-dist/tex/generic/pgf/systemlayer/pg
f.cfg
File: pgf.cfg 2020/12/01 v3.1.7a (3.1.7a)
)
Driver file for pgf: pgfsys-pdftex.def

(/Users/alisaishikawa/Library/TinyTeX/texmf-dist/tex/generic/pgf/systemlayer/pg
fsys-pdftex.def
File: pgfsys-pdftex.def 2020/12/01 v3.1.7a (3.1.7a)

(/Users/alisaishikawa/Library/TinyTeX/texmf-dist/tex/generic/pgf/systemlayer/pg
fsys-common-pdf.def
File: pgfsys-common-pdf.def 2020/12/01 v3.1.7a (3.1.7a)
)))
(/Users/alisaishikawa/Library/TinyTeX/texmf-dist/tex/generic/pgf/systemlayer/pg
fsyssoftpath.code.tex
File: pgfsyssoftpath.code.tex 2020/12/01 v3.1.7a (3.1.7a)
\pgfsyssoftpath@smallbuffer@items=\count276
\pgfsyssoftpath@bigbuffer@items=\count277
)
(/Users/alisaishikawa/Library/TinyTeX/texmf-dist/tex/generic/pgf/systemlayer/pg
fsysprotocol.code.tex
File: pgfsysprotocol.code.tex 2020/12/01 v3.1.7a (3.1.7a)
)) (/Users/alisaishikawa/Library/TinyTeX/texmf-dist/tex/latex/xcolor/xcolor.sty
Package: xcolor 2016/05/11 v2.12 LaTeX color extensions (UK)

(/Users/alisaishikawa/Library/TinyTeX/texmf-dist/tex/latex/graphics-cfg/color.c
fg
File: color.cfg 2016/01/02 v1.6 sample color configuration
)
Package xcolor Info: Driver file: pdftex.def on input line 225.
Package xcolor Info: Model `cmy' substituted by `cmy0' on input line 1348.
Package xcolor Info: Model `hsb' substituted by `rgb' on input line 1352.
Package xcolor Info: Model `RGB' extended on input line 1364.
Package xcolor Info: Model `HTML' substituted by `rgb' on input line 1366.
Package xcolor Info: Model `Hsb' substituted by `hsb' on input line 1367.
Package xcolor Info: Model `tHsb' substituted by `hsb' on input line 1368.
Package xcolor Info: Model `HSB' substituted by `hsb' on input line 1369.
Package xcolor Info: Model `Gray' substituted by `gray' on input line 1370.
Package xcolor Info: Model `wave' substituted by `hsb' on input line 1371.
)
(/Users/alisaishikawa/Library/TinyTeX/texmf-dist/tex/generic/pgf/basiclayer/pgf
core.code.tex
Package: pgfcore 2020/12/01 v3.1.7a (3.1.7a)

(/Users/alisaishikawa/Library/TinyTeX/texmf-dist/tex/generic/pgf/math/pgfmath.c
ode.tex
(/Users/alisaishikawa/Library/TinyTeX/texmf-dist/tex/generic/pgf/math/pgfmathca
lc.code.tex
(/Users/alisaishikawa/Library/TinyTeX/texmf-dist/tex/generic/pgf/math/pgfmathut
il.code.tex)
(/Users/alisaishikawa/Library/TinyTeX/texmf-dist/tex/generic/pgf/math/pgfmathpa
rser.code.tex
\pgfmath@dimen=\dimen176
\pgfmath@count=\count278
\pgfmath@box=\box57
\pgfmath@toks=\toks24
\pgfmath@stack@operand=\toks25
\pgfmath@stack@operation=\toks26
)
(/Users/alisaishikawa/Library/TinyTeX/texmf-dist/tex/generic/pgf/math/pgfmathfu
nctions.code.tex
(/Users/alisaishikawa/Library/TinyTeX/texmf-dist/tex/generic/pgf/math/pgfmathfu
nctions.basic.code.tex)
(/Users/alisaishikawa/Library/TinyTeX/texmf-dist/tex/generic/pgf/math/pgfmathfu
nctions.trigonometric.code.tex)
(/Users/alisaishikawa/Library/TinyTeX/texmf-dist/tex/generic/pgf/math/pgfmathfu
nctions.random.code.tex)
(/Users/alisaishikawa/Library/TinyTeX/texmf-dist/tex/generic/pgf/math/pgfmathfu
nctions.comparison.code.tex)
(/Users/alisaishikawa/Library/TinyTeX/texmf-dist/tex/generic/pgf/math/pgfmathfu
nctions.base.code.tex)
(/Users/alisaishikawa/Library/TinyTeX/texmf-dist/tex/generic/pgf/math/pgfmathfu
nctions.round.code.tex)
(/Users/alisaishikawa/Library/TinyTeX/texmf-dist/tex/generic/pgf/math/pgfmathfu
nctions.misc.code.tex)
(/Users/alisaishikawa/Library/TinyTeX/texmf-dist/tex/generic/pgf/math/pgfmathfu
nctions.integerarithmetics.code.tex)))
(/Users/alisaishikawa/Library/TinyTeX/texmf-dist/tex/generic/pgf/math/pgfmathfl
oat.code.tex
\c@pgfmathroundto@lastzeros=\count279
))
(/Users/alisaishikawa/Library/TinyTeX/texmf-dist/tex/generic/pgf/math/pgfint.co
de.tex)
(/Users/alisaishikawa/Library/TinyTeX/texmf-dist/tex/generic/pgf/basiclayer/pgf
corepoints.code.tex
File: pgfcorepoints.code.tex 2020/12/01 v3.1.7a (3.1.7a)
\pgf@picminx=\dimen177
\pgf@picmaxx=\dimen178
\pgf@picminy=\dimen179
\pgf@picmaxy=\dimen180
\pgf@pathminx=\dimen181
\pgf@pathmaxx=\dimen182
\pgf@pathminy=\dimen183
\pgf@pathmaxy=\dimen184
\pgf@xx=\dimen185
\pgf@xy=\dimen186
\pgf@yx=\dimen187
\pgf@yy=\dimen188
\pgf@zx=\dimen189
\pgf@zy=\dimen190
)
(/Users/alisaishikawa/Library/TinyTeX/texmf-dist/tex/generic/pgf/basiclayer/pgf
corepathconstruct.code.tex
File: pgfcorepathconstruct.code.tex 2020/12/01 v3.1.7a (3.1.7a)
\pgf@path@lastx=\dimen191
\pgf@path@lasty=\dimen192
)
(/Users/alisaishikawa/Library/TinyTeX/texmf-dist/tex/generic/pgf/basiclayer/pgf
corepathusage.code.tex
File: pgfcorepathusage.code.tex 2020/12/01 v3.1.7a (3.1.7a)
\pgf@shorten@end@additional=\dimen193
\pgf@shorten@start@additional=\dimen194
)
(/Users/alisaishikawa/Library/TinyTeX/texmf-dist/tex/generic/pgf/basiclayer/pgf
corescopes.code.tex
File: pgfcorescopes.code.tex 2020/12/01 v3.1.7a (3.1.7a)
\pgfpic=\box58
\pgf@hbox=\box59
\pgf@layerbox@main=\box60
\pgf@picture@serial@count=\count280
)
(/Users/alisaishikawa/Library/TinyTeX/texmf-dist/tex/generic/pgf/basiclayer/pgf
coregraphicstate.code.tex
File: pgfcoregraphicstate.code.tex 2020/12/01 v3.1.7a (3.1.7a)
\pgflinewidth=\dimen195
)
(/Users/alisaishikawa/Library/TinyTeX/texmf-dist/tex/generic/pgf/basiclayer/pgf
coretransformations.code.tex
File: pgfcoretransformations.code.tex 2020/12/01 v3.1.7a (3.1.7a)
\pgf@pt@x=\dimen196
\pgf@pt@y=\dimen197
\pgf@pt@temp=\dimen198
)
(/Users/alisaishikawa/Library/TinyTeX/texmf-dist/tex/generic/pgf/basiclayer/pgf
corequick.code.tex
File: pgfcorequick.code.tex 2020/12/01 v3.1.7a (3.1.7a)
)
(/Users/alisaishikawa/Library/TinyTeX/texmf-dist/tex/generic/pgf/basiclayer/pgf
coreobjects.code.tex
File: pgfcoreobjects.code.tex 2020/12/01 v3.1.7a (3.1.7a)
)
(/Users/alisaishikawa/Library/TinyTeX/texmf-dist/tex/generic/pgf/basiclayer/pgf
corepathprocessing.code.tex
File: pgfcorepathprocessing.code.tex 2020/12/01 v3.1.7a (3.1.7a)
)
(/Users/alisaishikawa/Library/TinyTeX/texmf-dist/tex/generic/pgf/basiclayer/pgf
corearrows.code.tex
File: pgfcorearrows.code.tex 2020/12/01 v3.1.7a (3.1.7a)
\pgfarrowsep=\dimen199
)
(/Users/alisaishikawa/Library/TinyTeX/texmf-dist/tex/generic/pgf/basiclayer/pgf
coreshade.code.tex
File: pgfcoreshade.code.tex 2020/12/01 v3.1.7a (3.1.7a)
\pgf@max=\dimen256
\pgf@sys@shading@range@num=\count281
\pgf@shadingcount=\count282
)
(/Users/alisaishikawa/Library/TinyTeX/texmf-dist/tex/generic/pgf/basiclayer/pgf
coreimage.code.tex
File: pgfcoreimage.code.tex 2020/12/01 v3.1.7a (3.1.7a)

(/Users/alisaishikawa/Library/TinyTeX/texmf-dist/tex/generic/pgf/basiclayer/pgf
coreexternal.code.tex
File: pgfcoreexternal.code.tex 2020/12/01 v3.1.7a (3.1.7a)
\pgfexternal@startupbox=\box61
))
(/Users/alisaishikawa/Library/TinyTeX/texmf-dist/tex/generic/pgf/basiclayer/pgf
corelayers.code.tex
File: pgfcorelayers.code.tex 2020/12/01 v3.1.7a (3.1.7a)
)
(/Users/alisaishikawa/Library/TinyTeX/texmf-dist/tex/generic/pgf/basiclayer/pgf
coretransparency.code.tex
File: pgfcoretransparency.code.tex 2020/12/01 v3.1.7a (3.1.7a)
)
(/Users/alisaishikawa/Library/TinyTeX/texmf-dist/tex/generic/pgf/basiclayer/pgf
corepatterns.code.tex
File: pgfcorepatterns.code.tex 2020/12/01 v3.1.7a (3.1.7a)
)
(/Users/alisaishikawa/Library/TinyTeX/texmf-dist/tex/generic/pgf/basiclayer/pgf
corerdf.code.tex
File: pgfcorerdf.code.tex 2020/12/01 v3.1.7a (3.1.7a)
)))
(/Users/alisaishikawa/Library/TinyTeX/texmf-dist/tex/latex/pgf/utilities/xxcolo
r.sty
Package: xxcolor 2003/10/24 ver 0.1
\XC@nummixins=\count283
\XC@countmixins=\count284
)
(/Users/alisaishikawa/Library/TinyTeX/texmf-dist/tex/latex/base/atbegshi-ltx.st
y
Package: atbegshi-ltx 2020/08/17 v1.0a Emulation of the original atbegshi packa
ge
with kernel methods
)
(/Users/alisaishikawa/Library/TinyTeX/texmf-dist/tex/latex/hyperref/hyperref.st
y
Package: hyperref 2020-05-15 v7.00e Hypertext links for LaTeX

(/Users/alisaishikawa/Library/TinyTeX/texmf-dist/tex/generic/ltxcmds/ltxcmds.st
y
Package: ltxcmds 2020-05-10 v1.25 LaTeX kernel commands for general use (HO)
)
(/Users/alisaishikawa/Library/TinyTeX/texmf-dist/tex/generic/pdftexcmds/pdftexc
mds.sty
Package: pdftexcmds 2020-06-27 v0.33 Utility functions of pdfTeX for LuaTeX (HO
)

(/Users/alisaishikawa/Library/TinyTeX/texmf-dist/tex/generic/infwarerr/infwarer
r.sty
Package: infwarerr 2019/12/03 v1.5 Providing info/warning/error messages (HO)
)
Package pdftexcmds Info: \pdf@primitive is available.
Package pdftexcmds Info: \pdf@ifprimitive is available.
Package pdftexcmds Info: \pdfdraftmode found.
)
(/Users/alisaishikawa/Library/TinyTeX/texmf-dist/tex/generic/kvsetkeys/kvsetkey
s.sty
Package: kvsetkeys 2019/12/15 v1.18 Key value parser (HO)
)
(/Users/alisaishikawa/Library/TinyTeX/texmf-dist/tex/generic/kvdefinekeys/kvdef
inekeys.sty
Package: kvdefinekeys 2019-12-19 v1.6 Define keys (HO)
)
(/Users/alisaishikawa/Library/TinyTeX/texmf-dist/tex/generic/pdfescape/pdfescap
e.sty
Package: pdfescape 2019/12/09 v1.15 Implements pdfTeX's escape features (HO)
) (/Users/alisaishikawa/Library/TinyTeX/texmf-dist/tex/latex/hycolor/hycolor.st
y
Package: hycolor 2020-01-27 v1.10 Color options for hyperref/bookmark (HO)
)
(/Users/alisaishikawa/Library/TinyTeX/texmf-dist/tex/latex/letltxmacro/letltxma
cro.sty
Package: letltxmacro 2019/12/03 v1.6 Let assignment for LaTeX macros (HO)
) (/Users/alisaishikawa/Library/TinyTeX/texmf-dist/tex/latex/auxhook/auxhook.st
y
Package: auxhook 2019-12-17 v1.6 Hooks for auxiliary files (HO)
)
(/Users/alisaishikawa/Library/TinyTeX/texmf-dist/tex/latex/kvoptions/kvoptions.
sty
Package: kvoptions 2020-10-07 v3.14 Key value format for package options (HO)
)
\@linkdim=\dimen257
\Hy@linkcounter=\count285
\Hy@pagecounter=\count286
(/Users/alisaishikawa/Library/TinyTeX/texmf-dist/tex/latex/hyperref/pd1enc.def
File: pd1enc.def 2020-05-15 v7.00e Hyperref: PDFDocEncoding definition (HO)
Now handling font encoding PD1 ...
... no UTF-8 mapping file for font encoding PD1
)
(/Users/alisaishikawa/Library/TinyTeX/texmf-dist/tex/generic/intcalc/intcalc.st
y
Package: intcalc 2019/12/15 v1.3 Expandable calculations with integers (HO)
)
(/Users/alisaishikawa/Library/TinyTeX/texmf-dist/tex/generic/etexcmds/etexcmds.
sty
Package: etexcmds 2019/12/15 v1.7 Avoid name clashes with e-TeX commands (HO)
)
\Hy@SavedSpaceFactor=\count287
Package hyperref Info: Option `unicode' set `true' on input line 4338.
(/Users/alisaishikawa/Library/TinyTeX/texmf-dist/tex/latex/hyperref/puenc.def
File: puenc.def 2020-05-15 v7.00e Hyperref: PDF Unicode definition (HO)
Now handling font encoding PU ...
... no UTF-8 mapping file for font encoding PU
)
Package hyperref Info: Option `bookmarks' set `true' on input line 4338.
Package hyperref Info: Option `bookmarksopen' set `true' on input line 4338.
Package hyperref Info: Option `implicit' set `false' on input line 4338.
Package hyperref Info: Hyper figures OFF on input line 4464.
Package hyperref Info: Link nesting OFF on input line 4469.
Package hyperref Info: Hyper index ON on input line 4472.
Package hyperref Info: Plain pages OFF on input line 4479.
Package hyperref Info: Backreferencing OFF on input line 4484.
Package hyperref Info: Implicit mode OFF; no redefinition of LaTeX internals.
Package hyperref Info: Bookmarks ON on input line 4717.
\c@Hy@tempcnt=\count288
(/Users/alisaishikawa/Library/TinyTeX/texmf-dist/tex/latex/url/url.sty
\Urlmuskip=\muskip16
Package: url 2013/09/16  ver 3.4  Verb mode for urls, etc.
)
LaTeX Info: Redefining \url on input line 5076.
\XeTeXLinkMargin=\dimen258
(/Users/alisaishikawa/Library/TinyTeX/texmf-dist/tex/generic/bitset/bitset.sty
Package: bitset 2019/12/09 v1.3 Handle bit-vector datatype (HO)

(/Users/alisaishikawa/Library/TinyTeX/texmf-dist/tex/generic/bigintcalc/bigintc
alc.sty
Package: bigintcalc 2019/12/15 v1.5 Expandable calculations on big integers (HO
)
))
\Fld@menulength=\count289
\Field@Width=\dimen259
\Fld@charsize=\dimen260
Package hyperref Info: Hyper figures OFF on input line 6347.
Package hyperref Info: Link nesting OFF on input line 6352.
Package hyperref Info: Hyper index ON on input line 6355.
Package hyperref Info: backreferencing OFF on input line 6362.
Package hyperref Info: Link coloring OFF on input line 6367.
Package hyperref Info: Link coloring with OCG OFF on input line 6372.
Package hyperref Info: PDF/A mode OFF on input line 6377.
LaTeX Info: Redefining \ref on input line 6417.
LaTeX Info: Redefining \pageref on input line 6421.
\Hy@abspage=\count290

Package hyperref Message: Stopped early.

)
Package hyperref Info: Driver (autodetected): hpdftex.

(/Users/alisaishikawa/Library/TinyTeX/texmf-dist/tex/latex/hyperref/hpdftex.def
File: hpdftex.def 2020-05-15 v7.00e Hyperref driver for pdfTeX

(/Users/alisaishikawa/Library/TinyTeX/texmf-dist/tex/latex/base/atveryend-ltx.s
ty
Package: atveryend-ltx 2020/08/19 v1.0a Emulation of the original atvery packag
e
with kernel methods
)
\Fld@listcount=\count291
\c@bookmark@seq@number=\count292

(/Users/alisaishikawa/Library/TinyTeX/texmf-dist/tex/latex/rerunfilecheck/rerun
filecheck.sty
Package: rerunfilecheck 2019/12/05 v1.9 Rerun checks for auxiliary files (HO)

(/Users/alisaishikawa/Library/TinyTeX/texmf-dist/tex/generic/uniquecounter/uniq
uecounter.sty
Package: uniquecounter 2019/12/15 v1.4 Provide unlimited unique counter (HO)
)
Package uniquecounter Info: New unique counter `rerunfilecheck' on input line 2
86.
))
(/Users/alisaishikawa/Library/TinyTeX/texmf-dist/tex/latex/beamer/beamerbasereq
uires.sty
(/Users/alisaishikawa/Library/TinyTeX/texmf-dist/tex/latex/beamer/beamerbasecom
patibility.sty)
(/Users/alisaishikawa/Library/TinyTeX/texmf-dist/tex/latex/beamer/beamerbasefon
t.sty
(/Users/alisaishikawa/Library/TinyTeX/texmf-dist/tex/latex/amsfonts/amssymb.sty
Package: amssymb 2013/01/14 v3.01 AMS font symbols

(/Users/alisaishikawa/Library/TinyTeX/texmf-dist/tex/latex/amsfonts/amsfonts.st
y
Package: amsfonts 2013/01/14 v3.01 Basic AMSFonts support
\@emptytoks=\toks27
\symAMSa=\mathgroup4
\symAMSb=\mathgroup5
LaTeX Font Info:    Redeclaring math symbol \hbar on input line 98.
LaTeX Font Info:    Overwriting math alphabet `\mathfrak' in version `bold'
(Font)                  U/euf/m/n --> U/euf/b/n on input line 106.
)))
(/Users/alisaishikawa/Library/TinyTeX/texmf-dist/tex/latex/beamer/beamerbasetra
nslator.sty
(/Users/alisaishikawa/Library/TinyTeX/texmf-dist/tex/latex/translator/translato
r.sty
Package: translator 2020-08-03 v1.12c Easy translation of strings in LaTeX
))
(/Users/alisaishikawa/Library/TinyTeX/texmf-dist/tex/latex/beamer/beamerbasemis
c.sty)
(/Users/alisaishikawa/Library/TinyTeX/texmf-dist/tex/latex/beamer/beamerbasetwo
screens.sty)
(/Users/alisaishikawa/Library/TinyTeX/texmf-dist/tex/latex/beamer/beamerbaseove
rlay.sty
\beamer@argscount=\count293
\beamer@lastskipcover=\skip50
\beamer@trivlistdepth=\count294
)
(/Users/alisaishikawa/Library/TinyTeX/texmf-dist/tex/latex/beamer/beamerbasetit
le.sty)
(/Users/alisaishikawa/Library/TinyTeX/texmf-dist/tex/latex/beamer/beamerbasesec
tion.sty
\c@lecture=\count295
\c@part=\count296
\c@section=\count297
\c@subsection=\count298
\c@subsubsection=\count299
)
(/Users/alisaishikawa/Library/TinyTeX/texmf-dist/tex/latex/beamer/beamerbasefra
me.sty
\beamer@framebox=\box62
\beamer@frametitlebox=\box63
\beamer@zoombox=\box64
\beamer@zoomcount=\count300
\beamer@zoomframecount=\count301
\beamer@frametextheight=\dimen261
\c@subsectionslide=\count302
\beamer@frametopskip=\skip51
\beamer@framebottomskip=\skip52
\beamer@frametopskipautobreak=\skip53
\beamer@framebottomskipautobreak=\skip54
\beamer@envbody=\toks28
\framewidth=\dimen262
\c@framenumber=\count303
)
(/Users/alisaishikawa/Library/TinyTeX/texmf-dist/tex/latex/beamer/beamerbasever
batim.sty
\beamer@verbatimfileout=\write4
)
(/Users/alisaishikawa/Library/TinyTeX/texmf-dist/tex/latex/beamer/beamerbasefra
mesize.sty
\beamer@splitbox=\box65
\beamer@autobreakcount=\count304
\beamer@autobreaklastheight=\dimen263
\beamer@frametitletoks=\toks29
\beamer@framesubtitletoks=\toks30
)
(/Users/alisaishikawa/Library/TinyTeX/texmf-dist/tex/latex/beamer/beamerbasefra
mecomponents.sty
\beamer@footins=\box66
)
(/Users/alisaishikawa/Library/TinyTeX/texmf-dist/tex/latex/beamer/beamerbasecol
or.sty)
(/Users/alisaishikawa/Library/TinyTeX/texmf-dist/tex/latex/beamer/beamerbasenot
es.sty
\beamer@frameboxcopy=\box67
)
(/Users/alisaishikawa/Library/TinyTeX/texmf-dist/tex/latex/beamer/beamerbasetoc
.sty)
(/Users/alisaishikawa/Library/TinyTeX/texmf-dist/tex/latex/beamer/beamerbasetem
plates.sty
\beamer@sbttoks=\toks31

(/Users/alisaishikawa/Library/TinyTeX/texmf-dist/tex/latex/beamer/beamerbaseaux
templates.sty
(/Users/alisaishikawa/Library/TinyTeX/texmf-dist/tex/latex/beamer/beamerbasebox
es.sty
\bmb@box=\box68
\bmb@colorbox=\box69
\bmb@boxwidth=\dimen264
\bmb@boxheight=\dimen265
\bmb@prevheight=\dimen266
\bmb@temp=\dimen267
\bmb@dima=\dimen268
\bmb@dimb=\dimen269
\bmb@prevheight=\dimen270
)
\beamer@blockheadheight=\dimen271
))
(/Users/alisaishikawa/Library/TinyTeX/texmf-dist/tex/latex/beamer/beamerbaseloc
alstructure.sty (/Users/alisaishikawa/Library/TinyTeX/texmf-dist/tex/latex/tool
s/enumerate.sty
Package: enumerate 2015/07/23 v3.00 enumerate extensions (DPC)
\@enLab=\toks32
)
\c@figure=\count305
\c@table=\count306
\abovecaptionskip=\skip55
\belowcaptionskip=\skip56
)
(/Users/alisaishikawa/Library/TinyTeX/texmf-dist/tex/latex/beamer/beamerbasenav
igation.sty
\beamer@section@min@dim=\dimen272
)
(/Users/alisaishikawa/Library/TinyTeX/texmf-dist/tex/latex/beamer/beamerbasethe
orems.sty (/Users/alisaishikawa/Library/TinyTeX/texmf-dist/tex/latex/amsmath/am
smath.sty
Package: amsmath 2020/09/23 v2.17i AMS math features
\@mathmargin=\skip57
For additional information on amsmath, use the `?' option.
(/Users/alisaishikawa/Library/TinyTeX/texmf-dist/tex/latex/amsmath/amstext.sty
Package: amstext 2000/06/29 v2.01 AMS text
(/Users/alisaishikawa/Library/TinyTeX/texmf-dist/tex/latex/amsmath/amsgen.sty
File: amsgen.sty 1999/11/30 v2.0 generic functions
\@emptytoks=\toks33
\ex@=\dimen273
)) (/Users/alisaishikawa/Library/TinyTeX/texmf-dist/tex/latex/amsmath/amsbsy.st
y
Package: amsbsy 1999/11/29 v1.2d Bold Symbols
\pmbraise@=\dimen274
) (/Users/alisaishikawa/Library/TinyTeX/texmf-dist/tex/latex/amsmath/amsopn.sty
Package: amsopn 2016/03/08 v2.02 operator names
)
\inf@bad=\count307
LaTeX Info: Redefining \frac on input line 234.
\uproot@=\count308
\leftroot@=\count309
LaTeX Info: Redefining \overline on input line 399.
\classnum@=\count310
\DOTSCASE@=\count311
LaTeX Info: Redefining \ldots on input line 496.
LaTeX Info: Redefining \dots on input line 499.
LaTeX Info: Redefining \cdots on input line 620.
\Mathstrutbox@=\box70
\strutbox@=\box71
\big@size=\dimen275
LaTeX Font Info:    Redeclaring font encoding OML on input line 743.
LaTeX Font Info:    Redeclaring font encoding OMS on input line 744.
\macc@depth=\count312
\c@MaxMatrixCols=\count313
\dotsspace@=\muskip17
\c@parentequation=\count314
\dspbrk@lvl=\count315
\tag@help=\toks34
\row@=\count316
\column@=\count317
\maxfields@=\count318
\andhelp@=\toks35
\eqnshift@=\dimen276
\alignsep@=\dimen277
\tagshift@=\dimen278
\tagwidth@=\dimen279
\totwidth@=\dimen280
\lineht@=\dimen281
\@envbody=\toks36
\multlinegap=\skip58
\multlinetaggap=\skip59
\mathdisplay@stack=\toks37
LaTeX Info: Redefining \[ on input line 2923.
LaTeX Info: Redefining \] on input line 2924.
) (/Users/alisaishikawa/Library/TinyTeX/texmf-dist/tex/latex/amscls/amsthm.sty
Package: amsthm 2020/05/29 v2.20.6
\thm@style=\toks38
\thm@bodyfont=\toks39
\thm@headfont=\toks40
\thm@notefont=\toks41
\thm@headpunct=\toks42
\thm@preskip=\skip60
\thm@postskip=\skip61
\thm@headsep=\skip62
\dth@everypar=\toks43
)
\c@theorem=\count319
)
(/Users/alisaishikawa/Library/TinyTeX/texmf-dist/tex/latex/beamer/beamerbasethe
mes.sty))
(/Users/alisaishikawa/Library/TinyTeX/texmf-dist/tex/latex/beamer/beamerthemede
fault.sty
(/Users/alisaishikawa/Library/TinyTeX/texmf-dist/tex/latex/beamer/beamerfontthe
medefault.sty)
(/Users/alisaishikawa/Library/TinyTeX/texmf-dist/tex/latex/beamer/beamercolorth
emedefault.sty)
(/Users/alisaishikawa/Library/TinyTeX/texmf-dist/tex/latex/beamer/beamerinnerth
emedefault.sty
\beamer@dima=\dimen282
\beamer@dimb=\dimen283
)
(/Users/alisaishikawa/Library/TinyTeX/texmf-dist/tex/latex/beamer/beamerouterth
emedefault.sty)))
(/Users/alisaishikawa/Library/TinyTeX/texmf-dist/tex/latex/pgf/utilities/pgfpag
es.sty
Package: pgfpages 2011/01/05 ver 0.02
(/Users/alisaishikawa/Library/TinyTeX/texmf-dist/tex/latex/tools/calc.sty
Package: calc 2017/05/25 v4.3 Infix arithmetic (KKT,FJ)
\calc@Acount=\count320
\calc@Bcount=\count321
\calc@Adimen=\dimen284
\calc@Bdimen=\dimen285
\calc@Askip=\skip63
\calc@Bskip=\skip64
LaTeX Info: Redefining \setlength on input line 80.
LaTeX Info: Redefining \addtolength on input line 81.
\calc@Ccount=\count322
\calc@Cskip=\skip65
)
\pgf@logicalpages=\count323
\pgf@firstshipout=\count324
\pgf@lastshipout=\count325
\pgf@currentshipout=\count326
\pgf@cpn=\count327
\pgf@shipoutnextto=\count328
\pgfphysicalheight=\dimen286
\pgfphysicalwidth=\dimen287
\pgfpages@shipoutbox=\box72
) (/Users/alisaishikawa/Library/TinyTeX/texmf-dist/tex/latex/lm/lmodern.sty
Package: lmodern 2009/10/30 v1.6 Latin Modern Fonts
LaTeX Font Info:    Overwriting symbol font `operators' in version `normal'
(Font)                  OT1/cmr/m/n --> OT1/lmr/m/n on input line 22.
LaTeX Font Info:    Overwriting symbol font `letters' in version `normal'
(Font)                  OML/cmm/m/it --> OML/lmm/m/it on input line 23.
LaTeX Font Info:    Overwriting symbol font `symbols' in version `normal'
(Font)                  OMS/cmsy/m/n --> OMS/lmsy/m/n on input line 24.
LaTeX Font Info:    Overwriting symbol font `largesymbols' in version `normal'
(Font)                  OMX/cmex/m/n --> OMX/lmex/m/n on input line 25.
LaTeX Font Info:    Overwriting symbol font `operators' in version `bold'
(Font)                  OT1/cmr/bx/n --> OT1/lmr/bx/n on input line 26.
LaTeX Font Info:    Overwriting symbol font `letters' in version `bold'
(Font)                  OML/cmm/b/it --> OML/lmm/b/it on input line 27.
LaTeX Font Info:    Overwriting symbol font `symbols' in version `bold'
(Font)                  OMS/cmsy/b/n --> OMS/lmsy/b/n on input line 28.
LaTeX Font Info:    Overwriting symbol font `largesymbols' in version `bold'
(Font)                  OMX/cmex/m/n --> OMX/lmex/m/n on input line 29.
LaTeX Font Info:    Overwriting math alphabet `\mathbf' in version `normal'
(Font)                  OT1/cmr/bx/n --> OT1/lmr/bx/n on input line 31.
LaTeX Font Info:    Overwriting math alphabet `\mathsf' in version `normal'
(Font)                  OT1/cmss/m/n --> OT1/lmss/m/n on input line 32.
LaTeX Font Info:    Overwriting math alphabet `\mathit' in version `normal'
(Font)                  OT1/cmr/m/it --> OT1/lmr/m/it on input line 33.
LaTeX Font Info:    Overwriting math alphabet `\mathtt' in version `normal'
(Font)                  OT1/cmtt/m/n --> OT1/lmtt/m/n on input line 34.
LaTeX Font Info:    Overwriting math alphabet `\mathbf' in version `bold'
(Font)                  OT1/cmr/bx/n --> OT1/lmr/bx/n on input line 35.
LaTeX Font Info:    Overwriting math alphabet `\mathsf' in version `bold'
(Font)                  OT1/cmss/bx/n --> OT1/lmss/bx/n on input line 36.
LaTeX Font Info:    Overwriting math alphabet `\mathit' in version `bold'
(Font)                  OT1/cmr/bx/it --> OT1/lmr/bx/it on input line 37.
LaTeX Font Info:    Overwriting math alphabet `\mathtt' in version `bold'
(Font)                  OT1/cmtt/m/n --> OT1/lmtt/m/n on input line 38.
) (/Users/alisaishikawa/Library/TinyTeX/texmf-dist/tex/generic/iftex/ifxetex.st
y
Package: ifxetex 2019/10/25 v0.7 ifxetex legacy package. Use iftex instead.
)
(/Users/alisaishikawa/Library/TinyTeX/texmf-dist/tex/generic/iftex/ifluatex.sty
Package: ifluatex 2019/10/25 v1.5 ifluatex legacy package. Use iftex instead.
) (/Users/alisaishikawa/Library/TinyTeX/texmf-dist/tex/latex/base/fontenc.sty
Package: fontenc 2020/08/10 v2.0s Standard LaTeX package
LaTeX Font Info:    Trying to load font information for T1+lmss on input line 1
12.
(/Users/alisaishikawa/Library/TinyTeX/texmf-dist/tex/latex/lm/t1lmss.fd
File: t1lmss.fd 2009/10/30 v1.6 Font defs for Latin Modern
)) (/Users/alisaishikawa/Library/TinyTeX/texmf-dist/tex/latex/base/inputenc.sty
Package: inputenc 2020/08/01 v1.3d Input encoding file
\inpenc@prehook=\toks44
\inpenc@posthook=\toks45
) (/Users/alisaishikawa/Library/TinyTeX/texmf-dist/tex/latex/base/textcomp.sty
Package: textcomp 2020/02/02 v2.0n Standard LaTeX package
)
(/Users/alisaishikawa/Library/TinyTeX/texmf-dist/tex/latex/fancyvrb/fancyvrb.st
y
Package: fancyvrb 2020/05/03 v3.6 verbatim text (tvz,hv)
\FV@CodeLineNo=\count329
\FV@InFile=\read3
\FV@TabBox=\box73
\c@FancyVerbLine=\count330
\FV@StepNumber=\count331
\FV@OutFile=\write5
) (/Users/alisaishikawa/Library/TinyTeX/texmf-dist/tex/latex/framed/framed.sty
Package: framed 2011/10/22 v 0.96: framed or shaded text with page breaks
\OuterFrameSep=\skip66
\fb@frw=\dimen288
\fb@frh=\dimen289
\FrameRule=\dimen290
\FrameSep=\dimen291
) (/Users/alisaishikawa/Library/TinyTeX/texmf-dist/tex/latex/grffile/grffile.st
y
Package: grffile 2019/11/11 v2.1 Extended file name support for graphics (legac
y)
Package grffile Info: This package is an empty stub for compatibility on input 
line 40.
)
(/Users/alisaishikawa/Library/TinyTeX/texmf-dist/tex/latex/l3backend/l3backend-
pdftex.def
File: l3backend-pdftex.def 2020-09-24 L3 backend support: PDF output (pdfTeX)
\l__kernel_color_stack_int=\count332
\l__pdf_internal_box=\box74
)
No file Visualizing-COVID-19-using-R.aux.
\openout1 = `Visualizing-COVID-19-using-R.aux'.

LaTeX Font Info:    Checking defaults for OML/cmm/m/it on input line 146.
LaTeX Font Info:    ... okay on input line 146.
LaTeX Font Info:    Checking defaults for OMS/cmsy/m/n on input line 146.
LaTeX Font Info:    ... okay on input line 146.
LaTeX Font Info:    Checking defaults for OT1/cmr/m/n on input line 146.
LaTeX Font Info:    ... okay on input line 146.
LaTeX Font Info:    Checking defaults for T1/cmr/m/n on input line 146.
LaTeX Font Info:    ... okay on input line 146.
LaTeX Font Info:    Checking defaults for TS1/cmr/m/n on input line 146.
LaTeX Font Info:    ... okay on input line 146.
LaTeX Font Info:    Checking defaults for OMX/cmex/m/n on input line 146.
LaTeX Font Info:    ... okay on input line 146.
LaTeX Font Info:    Checking defaults for U/cmr/m/n on input line 146.
LaTeX Font Info:    ... okay on input line 146.
LaTeX Font Info:    Checking defaults for PD1/pdf/m/n on input line 146.
LaTeX Font Info:    ... okay on input line 146.
LaTeX Font Info:    Checking defaults for PU/pdf/m/n on input line 146.
LaTeX Font Info:    ... okay on input line 146.
*geometry* driver: auto-detecting
*geometry* detected driver: pdftex
*geometry* verbose mode - [ preamble ] result:
* driver: pdftex
* paper: custom
* layout: <same size as paper>
* layoutoffset:(h,v)=(0.0pt,0.0pt)
* modes: includehead includefoot 
* h-part:(L,W,R)=(28.45274pt, 307.28987pt, 28.45274pt)
* v-part:(T,H,B)=(0.0pt, 273.14662pt, 0.0pt)
* \paperwidth=364.19536pt
* \paperheight=273.14662pt
* \textwidth=307.28987pt
* \textheight=244.6939pt
* \oddsidemargin=-43.81725pt
* \evensidemargin=-43.81725pt
* \topmargin=-72.26999pt
* \headheight=14.22636pt
* \headsep=0.0pt
* \topskip=11.0pt
* \footskip=14.22636pt
* \marginparwidth=4.0pt
* \marginparsep=10.0pt
* \columnsep=10.0pt
* \skip\footins=10.0pt plus 4.0pt minus 2.0pt
* \hoffset=0.0pt
* \voffset=0.0pt
* \mag=1000
* \@twocolumnfalse
* \@twosidefalse
* \@mparswitchfalse
* \@reversemarginfalse
* (1in=72.27pt=25.4mm, 1cm=28.453pt)


(/Users/alisaishikawa/Library/TinyTeX/texmf-dist/tex/latex/epstopdf-pkg/epstopd
f-base.sty
Package: epstopdf-base 2020-01-24 v2.11 Base part for package epstopdf
Package epstopdf-base Info: Redefining graphics rule for `.eps' on input line 4
85.

(/Users/alisaishikawa/Library/TinyTeX/texmf-dist/tex/latex/latexconfig/epstopdf
-sys.cfg
File: epstopdf-sys.cfg 2010/07/13 v1.3 Configuration of (r)epstopdf for TeX Liv
e
))
Package hyperref Info: Link coloring OFF on input line 146.

(/Users/alisaishikawa/Library/TinyTeX/texmf-dist/tex/latex/hyperref/nameref.sty
Package: nameref 2019/09/16 v2.46 Cross-referencing by name of section

(/Users/alisaishikawa/Library/TinyTeX/texmf-dist/tex/latex/refcount/refcount.st
y
Package: refcount 2019/12/15 v3.6 Data extraction from label references (HO)
)
(/Users/alisaishikawa/Library/TinyTeX/texmf-dist/tex/generic/gettitlestring/get
titlestring.sty
Package: gettitlestring 2019/12/15 v1.6 Cleanup title references (HO)
)
\c@section@level=\count333
)
LaTeX Info: Redefining \ref on input line 146.
LaTeX Info: Redefining \pageref on input line 146.
LaTeX Info: Redefining \nameref on input line 146.
\@outlinefile=\write6
\openout6 = `Visualizing-COVID-19-using-R.out'.

LaTeX Font Info:    Overwriting symbol font `operators' in version `normal'
(Font)                  OT1/lmr/m/n --> OT1/cmss/m/n on input line 146.
LaTeX Font Info:    Overwriting symbol font `operators' in version `bold'
(Font)                  OT1/lmr/bx/n --> OT1/cmss/b/n on input line 146.
LaTeX Font Info:    Overwriting symbol font `operators' in version `normal'
(Font)                  OT1/cmss/m/n --> OT1/lmss/m/n on input line 146.
LaTeX Font Info:    Overwriting symbol font `operators' in version `bold'
(Font)                  OT1/cmss/b/n --> OT1/lmss/b/n on input line 146.
\symnumbers=\mathgroup6
\sympureletters=\mathgroup7
LaTeX Font Info:    Overwriting math alphabet `\mathrm' in version `normal'
(Font)                  OT1/lmss/m/n --> T1/lmr/m/n on input line 146.
LaTeX Font Info:    Redeclaring math alphabet \mathbf on input line 146.
LaTeX Font Info:    Overwriting math alphabet `\mathbf' in version `normal'
(Font)                  OT1/lmr/bx/n --> T1/lmss/b/n on input line 146.
LaTeX Font Info:    Overwriting math alphabet `\mathbf' in version `bold'
(Font)                  OT1/lmr/bx/n --> T1/lmss/b/n on input line 146.
LaTeX Font Info:    Redeclaring math alphabet \mathsf on input line 146.
LaTeX Font Info:    Overwriting math alphabet `\mathsf' in version `normal'
(Font)                  OT1/lmss/m/n --> T1/lmss/m/n on input line 146.
LaTeX Font Info:    Overwriting math alphabet `\mathsf' in version `bold'
(Font)                  OT1/lmss/bx/n --> T1/lmss/m/n on input line 146.
LaTeX Font Info:    Redeclaring math alphabet \mathit on input line 146.
LaTeX Font Info:    Overwriting math alphabet `\mathit' in version `normal'
(Font)                  OT1/lmr/m/it --> T1/lmss/m/it on input line 146.
LaTeX Font Info:    Overwriting math alphabet `\mathit' in version `bold'
(Font)                  OT1/lmr/bx/it --> T1/lmss/m/it on input line 146.
LaTeX Font Info:    Redeclaring math alphabet \mathtt on input line 146.
LaTeX Font Info:    Overwriting math alphabet `\mathtt' in version `normal'
(Font)                  OT1/lmtt/m/n --> T1/lmtt/m/n on input line 146.
LaTeX Font Info:    Overwriting math alphabet `\mathtt' in version `bold'
(Font)                  OT1/lmtt/m/n --> T1/lmtt/m/n on input line 146.
LaTeX Font Info:    Overwriting symbol font `numbers' in version `bold'
(Font)                  T1/lmss/m/n --> T1/lmss/b/n on input line 146.
LaTeX Font Info:    Overwriting symbol font `pureletters' in version `bold'
(Font)                  T1/lmss/m/it --> T1/lmss/b/it on input line 146.
LaTeX Font Info:    Overwriting math alphabet `\mathrm' in version `bold'
(Font)                  OT1/lmss/b/n --> T1/lmr/b/n on input line 146.
LaTeX Font Info:    Overwriting math alphabet `\mathbf' in version `bold'
(Font)                  T1/lmss/b/n --> T1/lmss/b/n on input line 146.
LaTeX Font Info:    Overwriting math alphabet `\mathsf' in version `bold'
(Font)                  T1/lmss/m/n --> T1/lmss/b/n on input line 146.
LaTeX Font Info:    Overwriting math alphabet `\mathit' in version `bold'
(Font)                  T1/lmss/m/it --> T1/lmss/b/it on input line 146.
LaTeX Font Info:    Overwriting math alphabet `\mathtt' in version `bold'
(Font)                  T1/lmtt/m/n --> T1/lmtt/b/n on input line 146.

(/Users/alisaishikawa/Library/TinyTeX/texmf-dist/tex/latex/translator/translato
r-basic-dictionary-English.dict
Dictionary: translator-basic-dictionary, Language: English 
)
(/Users/alisaishikawa/Library/TinyTeX/texmf-dist/tex/latex/translator/translato
r-bibliography-dictionary-English.dict
Dictionary: translator-bibliography-dictionary, Language: English 
)
(/Users/alisaishikawa/Library/TinyTeX/texmf-dist/tex/latex/translator/translato
r-environment-dictionary-English.dict
Dictionary: translator-environment-dictionary, Language: English 
)
(/Users/alisaishikawa/Library/TinyTeX/texmf-dist/tex/latex/translator/translato
r-months-dictionary-English.dict
Dictionary: translator-months-dictionary, Language: English 
)
(/Users/alisaishikawa/Library/TinyTeX/texmf-dist/tex/latex/translator/translato
r-numbers-dictionary-English.dict
Dictionary: translator-numbers-dictionary, Language: English 
)
(/Users/alisaishikawa/Library/TinyTeX/texmf-dist/tex/latex/translator/translato
r-theorem-dictionary-English.dict
Dictionary: translator-theorem-dictionary, Language: English 
)
No file Visualizing-COVID-19-using-R.nav.
[1

{/Users/alisaishikawa/Library/TinyTeX/texmf-var/fonts/map/pdftex/updmap/pdftex.
map}]
LaTeX Font Info:    Trying to load font information for OT1+lmss on input line 
168.
(/Users/alisaishikawa/Library/TinyTeX/texmf-dist/tex/latex/lm/ot1lmss.fd
File: ot1lmss.fd 2009/10/30 v1.6 Font defs for Latin Modern
)
LaTeX Font Info:    Trying to load font information for OML+lmm on input line 1
68.
(/Users/alisaishikawa/Library/TinyTeX/texmf-dist/tex/latex/lm/omllmm.fd
File: omllmm.fd 2009/10/30 v1.6 Font defs for Latin Modern
)
LaTeX Font Info:    Trying to load font information for OMS+lmsy on input line 
168.
(/Users/alisaishikawa/Library/TinyTeX/texmf-dist/tex/latex/lm/omslmsy.fd
File: omslmsy.fd 2009/10/30 v1.6 Font defs for Latin Modern
)
LaTeX Font Info:    Trying to load font information for OMX+lmex on input line 
168.
(/Users/alisaishikawa/Library/TinyTeX/texmf-dist/tex/latex/lm/omxlmex.fd
File: omxlmex.fd 2009/10/30 v1.6 Font defs for Latin Modern
)
LaTeX Font Info:    External font `lmex10' loaded for size
(Font)              <10.95> on input line 168.
LaTeX Font Info:    External font `lmex10' loaded for size
(Font)              <8> on input line 168.
LaTeX Font Info:    External font `lmex10' loaded for size
(Font)              <6> on input line 168.
LaTeX Font Info:    Trying to load font information for U+msa on input line 168
.
(/Users/alisaishikawa/Library/TinyTeX/texmf-dist/tex/latex/amsfonts/umsa.fd
File: umsa.fd 2013/01/14 v3.01 AMS symbols A
)
LaTeX Font Info:    Trying to load font information for U+msb on input line 168
.
(/Users/alisaishikawa/Library/TinyTeX/texmf-dist/tex/latex/amsfonts/umsb.fd
File: umsb.fd 2013/01/14 v3.01 AMS symbols B
)
LaTeX Font Info:    Font shape `T1/lmss/m/it' in size <10.95> not available
(Font)              Font shape `T1/lmss/m/sl' tried instead on input line 168.
LaTeX Font Info:    Font shape `T1/lmss/m/it' in size <8> not available
(Font)              Font shape `T1/lmss/m/sl' tried instead on input line 168.
LaTeX Font Info:    Font shape `T1/lmss/m/it' in size <6> not available
(Font)              Font shape `T1/lmss/m/sl' tried instead on input line 168.
[2

]
LaTeX Font Info:    Font shape `T1/lmss/bx/it' in size <10.95> not available
(Font)              Font shape `T1/lmss/bx/sl' tried instead on input line 192.

[3

] [4

]
\openout4 = `Visualizing-COVID-19-using-R.vrb'.

(./Visualizing-COVID-19-using-R.vrb
LaTeX Font Info:    Trying to load font information for T1+lmtt on input line 5
.
(/Users/alisaishikawa/Library/TinyTeX/texmf-dist/tex/latex/lm/t1lmtt.fd
File: t1lmtt.fd 2009/10/30 v1.6 Font defs for Latin Modern
)
LaTeX Font Info:    Font shape `T1/lmtt/bx/n' in size <10.95> not available
(Font)              Font shape `T1/lmtt/b/n' tried instead on input line 6.
<Visualizing-COVID-19-using-R_files/figure-beamer/plot-1.pdf, id=43, 722.7pt x 
505.89pt>
File: Visualizing-COVID-19-using-R_files/figure-beamer/plot-1.pdf Graphic file 
(type pdf)
<use Visualizing-COVID-19-using-R_files/figure-beamer/plot-1.pdf>
Package pdftex.def Info: Visualizing-COVID-19-using-R_files/figure-beamer/plot-
1.pdf  used on input line 11.
(pdftex.def)             Requested size: 245.83604pt x 172.08522pt.
) [5

 <./Visualizing-COVID-19-using-R_files/figure-beamer/plot-1.pdf>]
\openout4 = `Visualizing-COVID-19-using-R.vrb'.

(./Visualizing-COVID-19-using-R.vrb
<Visualizing-COVID-19-using-R_files/figure-beamer/plot2-1.pdf, id=57, 722.7pt x
 505.89pt>
File: Visualizing-COVID-19-using-R_files/figure-beamer/plot2-1.pdf Graphic file
 (type pdf)
<use Visualizing-COVID-19-using-R_files/figure-beamer/plot2-1.pdf>
Package pdftex.def Info: Visualizing-COVID-19-using-R_files/figure-beamer/plot2
-1.pdf  used on input line 11.
(pdftex.def)             Requested size: 245.83604pt x 172.08522pt.
) [6

 <./Visualizing-COVID-19-using-R_files/figure-beamer/plot2-1.pdf>]
</Users/alisaishikawa/Downloads/Data Science/HSF-MIBM2-COVID19/Images/plot func
tion other examples.png, id=69, 618.31pt x 309.155pt>
File: /Users/alisaishikawa/Downloads/Data Science/HSF-MIBM2-COVID19/Images/plot
 function other examples.png Graphic file (type png)
<use /Users/alisaishikawa/Downloads/Data Science/HSF-MIBM2-COVID19/Images/plot 
function other examples.png>
Package pdftex.def Info: /Users/alisaishikawa/Downloads/Data Science/HSF-MIBM2-
COVID19/Images/plot function other examples.png  used on input line 239.
(pdftex.def)             Requested size: 307.29561pt x 153.6478pt.
[7

 </Users/alisaishikawa/Downloads/Data Science/HSF-MIBM2-COVID19/Images/plot fun
ction other examples.png>]
\openout4 = `Visualizing-COVID-19-using-R.vrb'.

(./Visualizing-COVID-19-using-R.vrb
</Users/alisaishikawa/Downloads/Data Science/HSF-MIBM2-COVID19/Images/ggplot ot
her 1.png, id=79, 1136.245pt x 367.3725pt>
File: /Users/alisaishikawa/Downloads/Data Science/HSF-MIBM2-COVID19/Images/ggpl
ot other 1.png Graphic file (type png)
<use /Users/alisaishikawa/Downloads/Data Science/HSF-MIBM2-COVID19/Images/ggplo
t other 1.png>
Package pdftex.def Info: /Users/alisaishikawa/Downloads/Data Science/HSF-MIBM2-
COVID19/Images/ggplot other 1.png  used on input line 8.
(pdftex.def)             Requested size: 199.73007pt x 64.57703pt.
</Users/alisaishikawa/Downloads/Data Science/HSF-MIBM2-COVID19/Images/ggplot ot
her 2.png, id=80, 1131.22626pt x 364.36125pt>
File: /Users/alisaishikawa/Downloads/Data Science/HSF-MIBM2-COVID19/Images/ggpl
ot other 2.png Graphic file (type png)
<use /Users/alisaishikawa/Downloads/Data Science/HSF-MIBM2-COVID19/Images/ggplo
t other 2.png>
Package pdftex.def Info: /Users/alisaishikawa/Downloads/Data Science/HSF-MIBM2-
COVID19/Images/ggplot other 2.png  used on input line 9.
(pdftex.def)             Requested size: 199.7282pt x 64.33125pt.
</Users/alisaishikawa/Downloads/Data Science/HSF-MIBM2-COVID19/Images/ggplot ot
her 3.png, id=81, 752.8125pt x 366.36874pt>
File: /Users/alisaishikawa/Downloads/Data Science/HSF-MIBM2-COVID19/Images/ggpl
ot other 3.png Graphic file (type png)
<use /Users/alisaishikawa/Downloads/Data Science/HSF-MIBM2-COVID19/Images/ggplo
t other 3.png>
Package pdftex.def Info: /Users/alisaishikawa/Downloads/Data Science/HSF-MIBM2-
COVID19/Images/ggplot other 3.png  used on input line 10.
(pdftex.def)             Requested size: 153.63834pt x 74.77065pt.
) [8

 </Users/alisaishikawa/Downloads/Data Science/HSF-MIBM2-COVID19/Images/ggplot o
ther 1.png> </Users/alisaishikawa/Downloads/Data Science/HSF-MIBM2-COVID19/Imag
es/ggplot other 2.png> </Users/alisaishikawa/Downloads/Data Science/HSF-MIBM2-C
OVID19/Images/ggplot other 3.png>]
\openout4 = `Visualizing-COVID-19-using-R.vrb'.

(./Visualizing-COVID-19-using-R.vrb)
Overfull \vbox (39.87695pt too high) detected at line 291
 []

[9

]
\openout4 = `Visualizing-COVID-19-using-R.vrb'.

(./Visualizing-COVID-19-using-R.vrb
Overfull \hbox (89.37274pt too wide) in paragraph at lines 22--22
[]    \T1/lmtt/m/n/10.95 name           confirm   suspect dead    deadRate  sho
wRate  heal[] 
 []


Overfull \hbox (95.12148pt too wide) in paragraph at lines 22--22
[]\T1/lmtt/m/n/10.95 1   China          95901      7      4771    4.97      FAL
SE     89480[] 
 []


Overfull \hbox (112.36768pt too wide) in paragraph at lines 22--22
[]\T1/lmtt/m/n/10.95 2   United States  18277433   0      324898  1.78      FAL
SE     10622096[] 
 []


Overfull \hbox (106.61894pt too wide) in paragraph at lines 22--22
[]\T1/lmtt/m/n/10.95 3   India          10055560   0      145810  1.45      FAL
SE     9606111[] 
 []


Overfull \hbox (106.61894pt too wide) in paragraph at lines 22--22
[]\T1/lmtt/m/n/10.95 4   Brazil         7238600    0      186764  2.58      FAL
SE     6409986[] 
 []


Overfull \hbox (106.61894pt too wide) in paragraph at lines 22--22
[]\T1/lmtt/m/n/10.95 5   Russia         2850042    0      50723   1.78      FAL
SE     2273510[] 
 []


Overfull \hbox (100.87021pt too wide) in paragraph at lines 22--22
[]\T1/lmtt/m/n/10.95 6   France         2529756    0      60665   2.4       FAL
SE     189638[] 
 []


Overfull \hbox (89.37274pt too wide) in paragraph at lines 22--22
[]\T1/lmtt/m/n/10.95 7   United Kingdom 2079564    0      67718   3.26      FAL
SE     4380[] 
 []


Overfull \hbox (106.61894pt too wide) in paragraph at lines 22--22
[]\T1/lmtt/m/n/10.95 8   Turkey         2043704    0      18351   0.9       FAL
SE     1834705[] 
 []


Overfull \hbox (106.61894pt too wide) in paragraph at lines 22--22
[]\T1/lmtt/m/n/10.95 9   Italy          1964054    0      69214   3.52      FAL
SE     1281258[] 
 []


Overfull \hbox (100.87021pt too wide) in paragraph at lines 22--22
[]\T1/lmtt/m/n/10.95 10  Spain          1817448    0      48926   2.69      FAL
SE     196958[] 
 []


Overfull \hbox (106.61894pt too wide) in paragraph at lines 22--22
[]\T1/lmtt/m/n/10.95 11  Argentina      1541285    0      41813   2.71      FAL
SE     1368346[] 
 []


Overfull \hbox (106.61894pt too wide) in paragraph at lines 22--22
[]\T1/lmtt/m/n/10.95 12  Germany         1531998   0      26655   1.74      FAL
SE     1129280[] 
 []

) [10

]
</Users/alisaishikawa/Downloads/Data Science/HSF-MIBM2-COVID19/Images/Top 10 gr
aph.png, id=103, 643.40375pt x 470.75874pt>
File: /Users/alisaishikawa/Downloads/Data Science/HSF-MIBM2-COVID19/Images/Top 
10 graph.png Graphic file (type png)
<use /Users/alisaishikawa/Downloads/Data Science/HSF-MIBM2-COVID19/Images/Top 1
0 graph.png>
Package pdftex.def Info: /Users/alisaishikawa/Downloads/Data Science/HSF-MIBM2-
COVID19/Images/Top 10 graph.png  used on input line 323.
(pdftex.def)             Requested size: 245.83115pt x 179.8671pt.
[11

 </Users/alisaishikawa/Downloads/Data Science/HSF-MIBM2-COVID19/Images/Top 10 g
raph.png>]
\openout4 = `Visualizing-COVID-19-using-R.vrb'.

(./Visualizing-COVID-19-using-R.vrb
</Users/alisaishikawa/Downloads/Data Science/HSF-MIBM2-COVID19/Images/Static Ma
p 21.12.png, id=111, 556.0775pt x 277.035pt>
File: /Users/alisaishikawa/Downloads/Data Science/HSF-MIBM2-COVID19/Images/Stat
ic Map 21.12.png Graphic file (type png)
<use /Users/alisaishikawa/Downloads/Data Science/HSF-MIBM2-COVID19/Images/Stati
c Map 21.12.png>
Package pdftex.def Info: /Users/alisaishikawa/Downloads/Data Science/HSF-MIBM2-
COVID19/Images/Static Map 21.12.png  used on input line 8.
(pdftex.def)             Requested size: 307.29451pt x 153.09256pt.
) [12

 </Users/alisaishikawa/Downloads/Data Science/HSF-MIBM2-COVID19/Images/Static M
ap 21.12.png>]
\openout4 = `Visualizing-COVID-19-using-R.vrb'.

(./Visualizing-COVID-19-using-R.vrb

LaTeX Warning: File `/Users/alisaishikawa/Downloads/Data Science/HSF-MIBM2-COVI
D19/Images/moving map.gif' not found on input line 8.


! LaTeX Error: Unknown graphics extension: .gif.

See the LaTeX manual or LaTeX Companion for explanation.
Type  H <return>  for immediate help.
 ...                                              
                                                  
l.8 ...ce/HSF-MIBM2-COVID19/Images/moving map.gif}
                                                   
Here is how much of TeX's memory you used:
 21519 strings out of 481330
 401160 string characters out of 5916820
 676760 words of memory out of 5000000
 37836 multiletter control sequences out of 15000+600000
 446902 words of font info for 58 fonts, out of 8000000 for 9000
 14 hyphenation exceptions out of 8191
 107i,11n,111p,453b,469s stack positions out of 5000i,500n,10000p,200000b,80000s

!  ==> Fatal error occurred, no output PDF file produced!
